0 silly argv {
0 silly argv   _: [ 'import' ],
0 silly argv   dest: 'packages',
0 silly argv   'preserve-commit': true,
0 silly argv   preserveCommit: true,
0 silly argv   flatten: true,
0 silly argv   lernaVersion: '6.6.1',
0 silly argv   '$0': '../../.npm/_npx/d5cad42883f80c04/node_modules/.bin/lerna',
0 silly argv   dir: '../frontend'
0 silly argv }
1 notice cli v6.6.1
2 verbose rootPath /home/krausediego/www/erp
3 error Error: Cannot find module '/home/krausediego/www/frontend/package.json'
3 error Require stack:
3 error - /home/krausediego/.npm/_npx/d5cad42883f80c04/node_modules/lerna/dist/cli.js
3 error     at Module._resolveFilename (node:internal/modules/cjs/loader:939:15)
3 error     at Module._load (node:internal/modules/cjs/loader:780:27)
3 error     at Module.require (node:internal/modules/cjs/loader:1005:19)
3 error     at require (node:internal/modules/cjs/helpers:102:18)
3 error     at ImportCommand.initialize (/home/krausediego/.npm/_npx/d5cad42883f80c04/node_modules/lerna/dist/cli.js:5241:29)
